# JRE version: Java(TM) SE Runtime Environment (8.0_05-b13) (build 1.8.0_05-b13)
# Java VM: Java HotSpot(TM) 64-Bit Server VM (25.5-b02 mixed mode windows-amd64 compressed oops)
Heap:
 PSYoungGen      total 8704K, used 2272K [0x00000000d5b80000, 0x00000000d6800000, 0x0000000100000000)
  eden space 7168K, 14% used [0x00000000d5b80000,0x00000000d5c7df48,0x00000000d6280000)
  from space 1536K, 81% used [0x00000000d6480000,0x00000000d65ba3f8,0x00000000d6600000)
  to   space 2048K, 0% used [0x00000000d6600000,0x00000000d6600000,0x00000000d6800000)
 ParOldGen       total 129536K, used 3784K [0x0000000081200000, 0x0000000089080000, 0x00000000d5b80000)
  object space 129536K, 2% used [0x0000000081200000,0x00000000815b2388,0x0000000089080000)
 Metaspace       used 14785K, capacity 14924K, committed 14976K, reserved 1062912K
  class space    used 1888K, capacity 1920K, committed 1920K, reserved 1048576K
GC Heap History (10 events):
Event: 1.909 GC heap before
{Heap before GC invocations=9 (full 0):
 PSYoungGen      total 8704K, used 8337K [0x00000000d5b80000, 0x00000000d6580000, 0x0000000100000000)
  eden space 7168K, 100% used [0x00000000d5b80000,0x00000000d6280000,0x00000000d6280000)
  from space 1536K, 76% used [0x00000000d6400000,0x00000000d6524758,0x00000000d6580000)
  to   space 1536K, 0% used [0x00000000d6280000,0x00000000d6280000,0x00000000d6400000)
 ParOldGen       total 129536K, used 1428K [0x0000000081200000, 0x0000000089080000, 0x00000000d5b80000)
  object space 129536K, 1% used [0x0000000081200000,0x00000000813653f8,0x0000000089080000)
 Metaspace       used 8517K, capacity 8602K, committed 8832K, reserved 1056768K
  class space    used 1057K, capacity 1115K, committed 1152K, reserved 1048576K
Event: 1.911 GC heap after
Heap after GC invocations=9 (full 0):
 PSYoungGen      total 8704K, used 1517K [0x00000000d5b80000, 0x00000000d6b00000, 0x0000000100000000)
  eden space 7168K, 0% used [0x00000000d5b80000,0x00000000d5b80000,0x00000000d6280000)
  from space 1536K, 98% used [0x00000000d6280000,0x00000000d63fb508,0x00000000d6400000)
  to   space 2048K, 0% used [0x00000000d6900000,0x00000000d6900000,0x00000000d6b00000)
 ParOldGen       total 129536K, used 1743K [0x0000000081200000, 0x0000000089080000, 0x00000000d5b80000)
  object space 129536K, 1% used [0x0000000081200000,0x00000000813b3c98,0x0000000089080000)
 Metaspace       used 8517K, capacity 8602K, committed 8832K, reserved 1056768K
  class space    used 1057K, capacity 1115K, committed 1152K, reserved 1048576K
}
Event: 2.784 GC heap before
{Heap before GC invocations=10 (full 0):
 PSYoungGen      total 8704K, used 8685K [0x00000000d5b80000, 0x00000000d6b00000, 0x0000000100000000)
  eden space 7168K, 100% used [0x00000000d5b80000,0x00000000d6280000,0x00000000d6280000)
  from space 1536K, 98% used [0x00000000d6280000,0x00000000d63fb508,0x00000000d6400000)
  to   space 2048K, 0% used [0x00000000d6900000,0x00000000d6900000,0x00000000d6b00000)
 ParOldGen       total 129536K, used 1743K [0x0000000081200000, 0x0000000089080000, 0x00000000d5b80000)
  object space 129536K, 1% used [0x0000000081200000,0x00000000813b3c98,0x0000000089080000)
 Metaspace       used 9982K, capacity 10138K, committed 10368K, reserved 1058816K
  class space    used 1241K, capacity 1307K, committed 1408K, reserved 1048576K
Event: 2.786 GC heap after
Heap after GC invocations=10 (full 0):
 PSYoungGen      total 8704K, used 1445K [0x00000000d5b80000, 0x00000000d6a80000, 0x0000000100000000)
  eden space 7168K, 0% used [0x00000000d5b80000,0x00000000d5b80000,0x00000000d6280000)
  from space 1536K, 94% used [0x00000000d6900000,0x00000000d6a69738,0x00000000d6a80000)
  to   space 2048K, 0% used [0x00000000d6680000,0x00000000d6680000,0x00000000d6880000)
 ParOldGen       total 129536K, used 2500K [0x0000000081200000, 0x0000000089080000, 0x00000000d5b80000)
  object space 129536K, 1% used [0x0000000081200000,0x00000000814712f8,0x0000000089080000)
 Metaspace       used 9982K, capacity 10138K, committed 10368K, reserved 1058816K
  class space    used 1241K, capacity 1307K, committed 1408K, reserved 1048576K
}
Event: 3.086 GC heap before
{Heap before GC invocations=11 (full 0):
 PSYoungGen      total 8704K, used 8613K [0x00000000d5b80000, 0x00000000d6a80000, 0x0000000100000000)
  eden space 7168K, 100% used [0x00000000d5b80000,0x00000000d6280000,0x00000000d6280000)
  from space 1536K, 94% used [0x00000000d6900000,0x00000000d6a69738,0x00000000d6a80000)
  to   space 2048K, 0% used [0x00000000d6680000,0x00000000d6680000,0x00000000d6880000)
 ParOldGen       total 129536K, used 2500K [0x0000000081200000, 0x0000000089080000, 0x00000000d5b80000)
  object space 129536K, 1% used [0x0000000081200000,0x00000000814712f8,0x0000000089080000)
 Metaspace       used 10467K, capacity 10592K, committed 10880K, reserved 1058816K
  class space    used 1336K, capacity 1372K, committed 1408K, reserved 1048576K
Event: 3.088 GC heap after
Heap after GC invocations=11 (full 0):
 PSYoungGen      total 8192K, used 608K [0x00000000d5b80000, 0x00000000d6980000, 0x0000000100000000)
  eden space 7168K, 0% used [0x00000000d5b80000,0x00000000d5b80000,0x00000000d6280000)
  from space 1024K, 59% used [0x00000000d6680000,0x00000000d6718000,0x00000000d6780000)
  to   space 2048K, 0% used [0x00000000d6780000,0x00000000d6780000,0x00000000d6980000)
 ParOldGen       total 129536K, used 3256K [0x0000000081200000, 0x0000000089080000, 0x00000000d5b80000)
  object space 129536K, 2% used [0x0000000081200000,0x000000008152e358,0x0000000089080000)
 Metaspace       used 10467K, capacity 10592K, committed 10880K, reserved 1058816K
  class space    used 1336K, capacity 1372K, committed 1408K, reserved 1048576K
}
Event: 3.841 GC heap before
{Heap before GC invocations=12 (full 0):
 PSYoungGen      total 8192K, used 7776K [0x00000000d5b80000, 0x00000000d6980000, 0x0000000100000000)
  eden space 7168K, 100% used [0x00000000d5b80000,0x00000000d6280000,0x00000000d6280000)
  from space 1024K, 59% used [0x00000000d6680000,0x00000000d6718000,0x00000000d6780000)
  to   space 2048K, 0% used [0x00000000d6780000,0x00000000d6780000,0x00000000d6980000)
 ParOldGen       total 129536K, used 3256K [0x0000000081200000, 0x0000000089080000, 0x00000000d5b80000)
  object space 129536K, 2% used [0x0000000081200000,0x000000008152e358,0x0000000089080000)
 Metaspace       used 11800K, capacity 11948K, committed 12160K, reserved 1060864K
  class space    used 1516K, capacity 1568K, committed 1664K, reserved 1048576K
Event: 3.843 GC heap after
Heap after GC invocations=12 (full 0):
 PSYoungGen      total 8192K, used 800K [0x00000000d5b80000, 0x00000000d6880000, 0x0000000100000000)
  eden space 7168K, 0% used [0x00000000d5b80000,0x00000000d5b80000,0x00000000d6280000)
  from space 1024K, 78% used [0x00000000d6780000,0x00000000d6848000,0x00000000d6880000)
  to   space 2048K, 0% used [0x00000000d6480000,0x00000000d6480000,0x00000000d6680000)
 ParOldGen       total 129536K, used 3416K [0x0000000081200000, 0x0000000089080000, 0x00000000d5b80000)
  object space 129536K, 2% used [0x0000000081200000,0x0000000081556358,0x0000000089080000)
 Metaspace       used 11800K, capacity 11948K, committed 12160K, reserved 1060864K
  class space    used 1516K, capacity 1568K, committed 1664K, reserved 1048576K
}
Event: 4.128 GC heap before
{Heap before GC invocations=13 (full 0):
 PSYoungGen      total 8192K, used 7957K [0x00000000d5b80000, 0x00000000d6880000, 0x0000000100000000)
  eden space 7168K, 99% used [0x00000000d5b80000,0x00000000d627d688,0x00000000d6280000)
  from space 1024K, 78% used [0x00000000d6780000,0x00000000d6848000,0x00000000d6880000)
  to   space 2048K, 0% used [0x00000000d6480000,0x00000000d6480000,0x00000000d6680000)
 ParOldGen       total 129536K, used 3416K [0x0000000081200000, 0x0000000089080000, 0x00000000d5b80000)
  object space 129536K, 2% used [0x0000000081200000,0x0000000081556358,0x0000000089080000)
 Metaspace       used 14674K, capacity 14796K, committed 14976K, reserved 1062912K
  class space    used 1877K, capacity 1920K, committed 1920K, reserved 1048576K
Event: 4.131 GC heap after
Heap after GC invocations=13 (full 0):
 PSYoungGen      total 8704K, used 1256K [0x00000000d5b80000, 0x00000000d6800000, 0x0000000100000000)
  eden space 7168K, 0% used [0x00000000d5b80000,0x00000000d5b80000,0x00000000d6280000)
  from space 1536K, 81% used [0x00000000d6480000,0x00000000d65ba3f8,0x00000000d6600000)
  to   space 2048K, 0% used [0x00000000d6600000,0x00000000d6600000,0x00000000d6800000)
 ParOldGen       total 129536K, used 3784K [0x0000000081200000, 0x0000000089080000, 0x00000000d5b80000)
  object space 129536K, 2% used [0x0000000081200000,0x00000000815b2388,0x0000000089080000)
 Metaspace       used 14674K, capacity 14796K, committed 14976K, reserved 1062912K
  class space    used 1877K, capacity 1920K, committed 1920K, reserved 1048576K
}

